[01:56:36] [main/INFO]: Loading Minecraft 1.21.10 with Fabric Loader 0.17.2
[01:56:37] [main/INFO]: Loading 4 mods:
	- fabricloader 0.17.2
	   \-- mixinextras 0.5.0
	- java 21
	- minecraft 1.21.10
[01:56:37] [main/INFO]: SpongePowered MIXIN Subsystem Version=0.8.7 Source=file:/workspaces/server1/servidor_minecraft/libraries/net/fabricmc/sponge-mixin/0.16.3+mixin.0.8.7/sponge-mixin-0.16.3+mixin.0.8.7.jar Service=Knot/Fabric Env=SERVER
[01:56:42] [main/INFO]: Environment: Environment[sessionHost=https://sessionserver.mojang.com, servicesHost=https://api.minecraftservices.com, profilesHost=https://api.mojang.com, name=PROD]
[01:56:43] [main/INFO]: Loaded 1461 recipes
[01:56:43] [main/INFO]: Loaded 1574 advancements
[01:56:43] [Server thread/INFO]: Starting minecraft server version 1.21.10
[01:56:43] [Server thread/INFO]: Loading properties
[01:56:43] [Server thread/INFO]: Default game type: SURVIVAL
[01:56:43] [Server thread/INFO]: Generating keypair
[01:56:44] [Server thread/INFO]: Starting Minecraft server on *:25565
[01:56:44] [Server thread/INFO]: Using epoll channel type
[01:56:44] [Server thread/WARN]: **** SERVER IS RUNNING IN OFFLINE/INSECURE MODE!
[01:56:44] [Server thread/WARN]: The server will make no attempt to authenticate usernames. Beware.
[01:56:44] [Server thread/WARN]: While this makes the game possible to play without internet access, it also opens up the ability for hackers to connect with any username they choose.
[01:56:44] [Server thread/WARN]: To change this, set "online-mode" to "true" in the server.properties file.
[01:56:44] [Server thread/INFO]: Preparing level "world"
[01:56:44] [Server thread/INFO]: Loading 0 persistent chunks...
[01:56:44] [Server thread/INFO]: Preparing spawn area: 100%
[01:56:44] [Server thread/INFO]: Time elapsed: 18 ms
[01:56:44] [Server thread/INFO]: Done (0.328s)! For help, type "help"
[01:57:44] [Server thread/INFO]: Server empty for 60 seconds, pausing
[01:59:37] [Server thread/INFO]: Simon[/127.152.97.142:40715] logged in with entity id 94 at (-239.28838934038646, 64.0, 884.4584882691273)
[01:59:37] [Server thread/INFO]: Simon joined the game
[02:12:48] [Server thread/INFO]: Simon was blown up by Creeper
[02:19:50] [Server thread/INFO]: Simon has made the advancement [Diamonds!]
[02:34:13] [Server thread/INFO]: Simon lost connection: Disconnected
[02:34:13] [Server thread/INFO]: Simon left the game
[02:35:13] [Server thread/INFO]: Server empty for 60 seconds, pausing
[02:36:09] [Server thread/INFO]: Stopping the server
[02:36:09] [Server thread/INFO]: Stopping server
[02:36:09] [Server thread/INFO]: Saving players
[02:36:09] [Server thread/INFO]: Saving worlds
[02:36:09] [Server thread/INFO]: Saving chunks for level 'ServerLevel[world]'/minecraft:overworld
[02:36:09] [Server thread/INFO]: Saving chunks for level 'ServerLevel[world]'/minecraft:the_end
[02:36:09] [Server thread/INFO]: Saving chunks for level 'ServerLevel[world]'/minecraft:the_nether
[02:36:09] [Server thread/INFO]: ThreadedAnvilChunkStorage (world): All chunks are saved
[02:36:09] [Server thread/INFO]: ThreadedAnvilChunkStorage (DIM1): All chunks are saved
[02:36:09] [Server thread/INFO]: ThreadedAnvilChunkStorage (DIM-1): All chunks are saved
[02:36:09] [Server thread/INFO]: ThreadedAnvilChunkStorage: All dimensions are saved
